TN:
SF:src\list_of_senders.ts
FN:21,ListOfSenders
FN:42,getList
FN:46,addItem
FN:57,deleteItem
FNF:4
FNH:3
FNDA:1,ListOfSenders
FNDA:1,getList
FNDA:2,addItem
FNDA:0,deleteItem
DA:1,1
DA:2,1
DA:3,1
DA:4,1
DA:5,1
DA:6,1
DA:7,1
DA:8,1
DA:9,1
DA:10,1
DA:11,1
DA:12,1
DA:13,1
DA:14,1
DA:15,1
DA:16,1
DA:17,1
DA:18,1
DA:19,1
DA:20,1
DA:21,1
DA:22,1
DA:23,1
DA:24,1
DA:25,1
DA:26,1
DA:27,1
DA:28,1
DA:29,1
DA:30,1
DA:31,1
DA:32,1
DA:33,1
DA:34,1
DA:35,1
DA:36,1
DA:37,1
DA:38,1
DA:39,1
DA:40,1
DA:41,1
DA:42,1
DA:43,1
DA:44,1
DA:45,1
DA:46,1
DA:47,2
DA:48,2
DA:49,2
DA:50,2
DA:51,2
DA:52,2
DA:53,2
DA:54,2
DA:55,2
DA:56,1
DA:57,1
DA:58,0
DA:59,0
DA:60,1
LF:60
LH:58
BRDA:21,0,0,1
BRDA:42,1,0,1
BRDA:46,2,0,2
BRF:3
BRH:3
end_of_record
TN:
SF:src\models.ts
FNF:0
FNH:0
DA:1,1
DA:2,1
DA:3,1
DA:4,1
LF:4
LH:4
BRDA:1,0,0,1
BRF:1
BRH:1
end_of_record
TN:
SF:src\rest_api.ts
FN:6,getListOfSenders
FN:9,addItemToListOfSenders
FN:12,deleteItemFromListOfSenders
FN:16,restApiFill
FNF:4
FNH:2
FNDA:1,getListOfSenders
FNDA:2,addItemToListOfSenders
FNDA:0,deleteItemFromListOfSenders
FNDA:0,restApiFill
DA:1,1
DA:2,1
DA:3,1
DA:4,1
DA:5,1
DA:6,1
DA:7,1
DA:8,1
DA:9,1
DA:10,2
DA:11,2
DA:12,1
DA:13,0
DA:14,0
DA:15,1
DA:16,1
DA:17,0
DA:18,0
DA:19,0
DA:20,0
LF:20
LH:14
BRDA:6,0,0,1
BRDA:9,1,0,2
BRF:2
BRH:2
end_of_record
